<?xml version="1.0" encoding="UTF-8"?>
<coverage generated="1643251435705" clover="3.2.0">
  <project timestamp="1643251435705" name="All files">
    <metrics statements="15" coveredstatements="15" conditionals="10" coveredconditionals="10" methods="7" coveredmethods="7" elements="32" coveredelements="32" complexity="0" loc="15" ncloc="15" packages="3" files="5" classes="5"/>
    <package name="Components.Button">
      <metrics statements="7" coveredstatements="7" conditionals="4" coveredconditionals="4" methods="4" coveredmethods="4"/>
      <file name="Button.js" path="/Users/veiga/Documents/pessoais/ChallengeZ1/src/Components/Button/Button.js">
        <metrics statements="7" coveredstatements="7" conditionals="4" coveredconditionals="4" methods="4" coveredmethods="4"/>
        <line num="4" count="1" type="stmt"/>
        <line num="12" count="6" type="stmt"/>
        <line num="14" count="6" type="stmt"/>
        <line num="17" count="1" type="stmt"/>
        <line num="28" count="1" type="stmt"/>
        <line num="29" count="6" type="stmt"/>
        <line num="47" count="6" type="stmt"/>
      </file>
      <file name="index.js" path="/Users/veiga/Documents/pessoais/ChallengeZ1/src/Components/Button/index.js">
        <metrics statements="0" coveredstatements="0" conditionals="0" coveredconditionals="0" methods="0" coveredmethods="0"/>
      </file>
    </package>
    <package name="Components.Container">
      <metrics statements="5" coveredstatements="5" conditionals="4" coveredconditionals="4" methods="2" coveredmethods="2"/>
      <file name="Container.js" path="/Users/veiga/Documents/pessoais/ChallengeZ1/src/Components/Container/Container.js">
        <metrics statements="5" coveredstatements="5" conditionals="4" coveredconditionals="4" methods="2" coveredmethods="2"/>
        <line num="4" count="1" type="stmt"/>
        <line num="5" count="3" type="stmt"/>
        <line num="7" count="3" type="stmt"/>
        <line num="21" count="1" type="stmt"/>
        <line num="22" count="3" type="stmt"/>
      </file>
      <file name="index.js" path="/Users/veiga/Documents/pessoais/ChallengeZ1/src/Components/Container/index.js">
        <metrics statements="0" coveredstatements="0" conditionals="0" coveredconditionals="0" methods="0" coveredmethods="0"/>
      </file>
    </package>
    <package name="Utils">
      <metrics statements="3" coveredstatements="3" conditionals="2" coveredconditionals="2" methods="1" coveredmethods="1"/>
      <file name="capitalize.js" path="/Users/veiga/Documents/pessoais/ChallengeZ1/src/Utils/capitalize.js">
        <metrics statements="3" coveredstatements="3" conditionals="2" coveredconditionals="2" methods="1" coveredmethods="1"/>
        <line num="1" count="1" type="stmt"/>
        <line num="2" count="4" type="cond" truecount="2" falsecount="0"/>
        <line num="3" count="3" type="stmt"/>
      </file>
    </package>
  </project>
</coverage>
