{"/Users/veiga/Documents/pessoais/ChallengeZ1/src/Components/Button/Button.js": {"path":"/Users/veiga/Documents/pessoais/ChallengeZ1/src/Components/Button/Button.js","statementMap":{"0":{"start":{"line":4,"column":15},"end":{"line":24,"column":1}},"1":{"start":{"line":12,"column":6},"end":{"line":12,"column":11}},"2":{"start":{"line":14,"column":2},"end":{"line":23,"column":4}},"3":{"start":{"line":17,"column":21},"end":{"line":17,"column":30}},"4":{"start":{"line":28,"column":15},"end":{"line":54,"column":2}},"5":{"start":{"line":29,"column":51},"end":{"line":46,"column":3}},"6":{"start":{"line":47,"column":38},"end":{"line":53,"column":3}}},"fnMap":{"0":{"name":"(anonymous_0)","decl":{"start":{"line":4,"column":15},"end":{"line":4,"column":16}},"loc":{"start":{"line":4,"column":24},"end":{"line":24,"column":1}},"line":4},"1":{"name":"(anonymous_1)","decl":{"start":{"line":17,"column":15},"end":{"line":17,"column":16}},"loc":{"start":{"line":17,"column":21},"end":{"line":17,"column":30}},"line":17},"2":{"name":"(anonymous_2)","decl":{"start":{"line":29,"column":13},"end":{"line":29,"column":14}},"loc":{"start":{"line":29,"column":51},"end":{"line":46,"column":3}},"line":29},"3":{"name":"(anonymous_3)","decl":{"start":{"line":47,"column":9},"end":{"line":47,"column":10}},"loc":{"start":{"line":47,"column":38},"end":{"line":53,"column":3}},"line":47}},"branchMap":{"0":{"loc":{"start":{"line":32,"column":21},"end":{"line":32,"column":64}},"type":"cond-expr","locations":[{"start":{"line":32,"column":39},"end":{"line":32,"column":54}},{"start":{"line":32,"column":57},"end":{"line":32,"column":64}}],"line":32},"1":{"loc":{"start":{"line":50,"column":11},"end":{"line":50,"column":43}},"type":"cond-expr","locations":[{"start":{"line":50,"column":24},"end":{"line":50,"column":34}},{"start":{"line":50,"column":37},"end":{"line":50,"column":43}}],"line":50}},"s":{"0":1,"1":6,"2":6,"3":1,"4":1,"5":6,"6":6},"f":{"0":6,"1":1,"2":6,"3":6},"b":{"0":[1,5],"1":[1,5]},"_coverageSchema":"1a1c01bbd47fc00a2c39e90264f33305004495a9","hash":"6bb809703cbddb44cc399a4a915e8d41b820d9fa"}
,"/Users/veiga/Documents/pessoais/ChallengeZ1/src/Components/Button/index.js": {"path":"/Users/veiga/Documents/pessoais/ChallengeZ1/src/Components/Button/index.js","statementMap":{},"fnMap":{},"branchMap":{},"s":{},"f":{},"b":{},"_coverageSchema":"1a1c01bbd47fc00a2c39e90264f33305004495a9","hash":"753d99f313bb4375c1759fff0323d159b0c9b00f"}
,"/Users/veiga/Documents/pessoais/ChallengeZ1/src/Components/Container/Container.js": {"path":"/Users/veiga/Documents/pessoais/ChallengeZ1/src/Components/Container/Container.js","statementMap":{"0":{"start":{"line":4,"column":18},"end":{"line":17,"column":1}},"1":{"start":{"line":5,"column":38},"end":{"line":5,"column":43}},"2":{"start":{"line":7,"column":2},"end":{"line":16,"column":4}},"3":{"start":{"line":21,"column":15},"end":{"line":26,"column":2}},"4":{"start":{"line":22,"column":33},"end":{"line":25,"column":3}}},"fnMap":{"0":{"name":"(anonymous_0)","decl":{"start":{"line":4,"column":18},"end":{"line":4,"column":19}},"loc":{"start":{"line":4,"column":27},"end":{"line":17,"column":1}},"line":4},"1":{"name":"(anonymous_1)","decl":{"start":{"line":22,"column":13},"end":{"line":22,"column":14}},"loc":{"start":{"line":22,"column":33},"end":{"line":25,"column":3}},"line":22}},"branchMap":{"0":{"loc":{"start":{"line":12,"column":25},"end":{"line":12,"column":70}},"type":"cond-expr","locations":[{"start":{"line":12,"column":43},"end":{"line":12,"column":58}},{"start":{"line":12,"column":61},"end":{"line":12,"column":70}}],"line":12},"1":{"loc":{"start":{"line":24,"column":21},"end":{"line":24,"column":66}},"type":"cond-expr","locations":[{"start":{"line":24,"column":39},"end":{"line":24,"column":54}},{"start":{"line":24,"column":57},"end":{"line":24,"column":66}}],"line":24}},"s":{"0":1,"1":3,"2":3,"3":1,"4":3},"f":{"0":3,"1":3},"b":{"0":[1,2],"1":[1,2]},"_coverageSchema":"1a1c01bbd47fc00a2c39e90264f33305004495a9","hash":"885198bc2e355685cafc2efd1568304e80b6a3e8"}
,"/Users/veiga/Documents/pessoais/ChallengeZ1/src/Components/Container/index.js": {"path":"/Users/veiga/Documents/pessoais/ChallengeZ1/src/Components/Container/index.js","statementMap":{},"fnMap":{},"branchMap":{},"s":{},"f":{},"b":{},"_coverageSchema":"1a1c01bbd47fc00a2c39e90264f33305004495a9","hash":"b59f883614e834344616ffe72eadcde9003ae54b"}
,"/Users/veiga/Documents/pessoais/ChallengeZ1/src/Utils/capitalize.js": {"path":"/Users/veiga/Documents/pessoais/ChallengeZ1/src/Utils/capitalize.js","statementMap":{"0":{"start":{"line":1,"column":26},"end":{"line":4,"column":1}},"1":{"start":{"line":2,"column":2},"end":{"line":3,"column":63}},"2":{"start":{"line":2,"column":32},"end":{"line":2,"column":42}},"3":{"start":{"line":3,"column":7},"end":{"line":3,"column":63}}},"fnMap":{"0":{"name":"(anonymous_0)","decl":{"start":{"line":1,"column":26},"end":{"line":1,"column":27}},"loc":{"start":{"line":1,"column":34},"end":{"line":4,"column":1}},"line":1}},"branchMap":{"0":{"loc":{"start":{"line":2,"column":2},"end":{"line":3,"column":63}},"type":"if","locations":[{"start":{"line":2,"column":2},"end":{"line":3,"column":63}},{"start":{"line":3,"column":7},"end":{"line":3,"column":63}}],"line":2}},"s":{"0":1,"1":4,"2":1,"3":3},"f":{"0":4},"b":{"0":[1,3]},"_coverageSchema":"1a1c01bbd47fc00a2c39e90264f33305004495a9","hash":"0aa915fb6581b6e3cf6f02e27536fc6e0dd29925"}
}
