TN:
SF:src/Components/Button/Button.js
FN:4,(anonymous_0)
FN:17,(anonymous_1)
FN:29,(anonymous_2)
FN:47,(anonymous_3)
FNF:4
FNH:4
FNDA:6,(anonymous_0)
FNDA:1,(anonymous_1)
FNDA:6,(anonymous_2)
FNDA:6,(anonymous_3)
DA:4,1
DA:12,6
DA:14,6
DA:17,1
DA:28,1
DA:29,6
DA:47,6
LF:7
LH:7
BRDA:32,0,0,1
BRDA:32,0,1,5
BRDA:50,1,0,1
BRDA:50,1,1,5
BRF:4
BRH:4
end_of_record
TN:
SF:src/Components/Button/index.js
FNF:0
FNH:0
LF:0
LH:0
BRF:0
BRH:0
end_of_record
TN:
SF:src/Components/Container/Container.js
FN:4,(anonymous_0)
FN:22,(anonymous_1)
FNF:2
FNH:2
FNDA:3,(anonymous_0)
FNDA:3,(anonymous_1)
DA:4,1
DA:5,3
DA:7,3
DA:21,1
DA:22,3
LF:5
LH:5
BRDA:12,0,0,1
BRDA:12,0,1,2
BRDA:24,1,0,1
BRDA:24,1,1,2
BRF:4
BRH:4
end_of_record
TN:
SF:src/Components/Container/index.js
FNF:0
FNH:0
LF:0
LH:0
BRF:0
BRH:0
end_of_record
TN:
SF:src/Utils/capitalize.js
FN:1,(anonymous_0)
FNF:1
FNH:1
FNDA:4,(anonymous_0)
DA:1,1
DA:2,4
DA:3,3
LF:3
LH:3
BRDA:2,0,0,1
BRDA:2,0,1,3
BRF:2
BRH:2
end_of_record
